-------------------------------------------------------------------------------
Test set: com.lolaya.prooducts.app.ProductsServiceApplicationTests
-------------------------------------------------------------------------------
Tests run: 1, Failures: 0, Errors: 1, Skipped: 0, Time elapsed: 0.295 s <<< FAILURE! - in com.lolaya.prooducts.app.ProductsServiceApplicationTests
com.lolaya.prooducts.app.ProductsServiceApplicationTests  Time elapsed: 0.295 s  <<< ERROR!
java.lang.NullPointerException: Cannot invoke "java.lang.Class.getName()" because "found" is null

