<?xml version="1.0" encoding="UTF-8"?>
<testsuite xmlns:xsi="http://www.w3.org/2001/XMLSchema-instance" xsi:noNamespaceSchemaLocation="https://maven.apache.org/surefire/maven-surefire-plugin/xsd/surefire-test-report.xsd" name="com.lolaya.prooducts.app.ProductsServiceApplicationTests" time="0.295" tests="1" errors="1" skipped="0" failures="0">
  <properties>
[...]
</properties>
  <testcase name="com.lolaya.prooducts.app.ProductsServiceApplicationTests" classname="com.lolaya.prooducts.app.ProductsServiceApplicationTests" time="0.295">
    <error message="Cannot invoke &quot;java.lang.Class.getName()&quot; because &quot;found&quot; is null" type="java.lang.NullPointerException">java.lang.NullPointerException: Cannot invoke "java.lang.Class.getName()" because "found" is null
</error>
    <system-out><![CDATA[15:16:59.302 [main] DEBUG org.springframework.boot.test.context.SpringBootTestContextBootstrapper - Neither @ContextConfiguration nor @ContextHierarchy found for test class [ProductsServiceApplicationTests]: using SpringBootContextLoader
15:16:59.306 [main] DEBUG org.springframework.test.context.support.AbstractContextLoader - Could not detect default resource locations for test class [com.lolaya.prooducts.app.ProductsServiceApplicationTests]: no resource found for suffixes {-context.xml, Context.groovy}.
15:16:59.307 [main] INFO org.springframework.test.context.support.AnnotationConfigContextLoaderUtils - Could not detect default configuration classes for test class [com.lolaya.prooducts.app.ProductsServiceApplicationTests]: ProductsServiceApplicationTests does not declare any static, non-private, non-final, nested classes annotated with @Configuration.
15:16:59.343 [main] DEBUG org.springframework.boot.test.context.SpringBootTestContextBootstrapper - Using ContextCustomizers for test class [ProductsServiceApplicationTests]: [ExcludeFilterContextCustomizer, DuplicateJsonObjectContextCustomizer, MockitoContextCustomizer, TestRestTemplateContextCustomizer, WebTestClientContextCustomizer, DisableObservabilityContextCustomizer, PropertyMappingContextCustomizer, Customizer]
]]></system-out>
  </testcase>
</testsuite>